

Started GET "/" for ::1 at 2016-10-17 15:55:35 +0200
Processing by Rails::WelcomeController#index as HTML
  Rendered /usr/local/rvm/gems/ruby-1.9.3-p392/gems/railties-4.2.4/lib/rails/templates/rails/welcome/index.html.erb (3.8ms)
Completed 200 OK in 139ms (Views: 98.4ms | ActiveRecord: 0.0ms)
  [1m[36m (2.4ms)[0m  [1mCREATE TABLE "schema_migrations" ("version" varchar NOT NULL) [0m
  [1m[35m (0.1ms)[0m  select sqlite_version(*)
  [1m[36m (1.4ms)[0m  [1mCREATE UNIQUE INDEX "unique_schema_migrations" ON "schema_migrations" ("version")[0m
  [1m[35mActiveRecord::SchemaMigration Load (0.2ms)[0m  SELECT "schema_migrations".* FROM "schema_migrations"
Migrating to CreateCustomers (20161017140431)
  [1m[36m (0.2ms)[0m  [1mbegin transaction[0m
  [1m[35m (0.7ms)[0m  CREATE TABLE "customers" ("id" INTEGER PRIMARY KEY AUTOINCREMENT NOT NULL, "email" varchar, "password_digest" varchar, "created_at" datetime NOT NULL, "updated_at" datetime NOT NULL) 
  [1m[36m (0.5ms)[0m  [1mCREATE UNIQUE INDEX "index_customers_on_email" ON "customers" ("email")[0m
  [1m[35mSQL (0.3ms)[0m  INSERT INTO "schema_migrations" ("version") VALUES (?)  [["version", "20161017140431"]]
  [1m[36m (2.1ms)[0m  [1mcommit transaction[0m
  [1m[35mActiveRecord::SchemaMigration Load (0.2ms)[0m  SELECT "schema_migrations".* FROM "schema_migrations"
  [1m[36m (0.2ms)[0m  [1m            SELECT sql
            FROM sqlite_master
            WHERE name='index_customers_on_email' AND type='index'
            UNION ALL
            SELECT sql
            FROM sqlite_temp_master
            WHERE name='index_customers_on_email' AND type='index'
[0m


Started GET "/" for ::1 at 2016-10-17 16:12:25 +0200
  [1m[36mActiveRecord::SchemaMigration Load (0.2ms)[0m  [1mSELECT "schema_migrations".* FROM "schema_migrations"[0m
Processing by Rails::WelcomeController#index as HTML
  Rendered /usr/local/rvm/gems/ruby-1.9.3-p392/gems/railties-4.2.4/lib/rails/templates/rails/welcome/index.html.erb (3.7ms)
Completed 200 OK in 140ms (Views: 97.7ms | ActiveRecord: 0.0ms)


Started GET "/customers" for ::1 at 2016-10-17 16:13:52 +0200
Processing by CustomersController#index as HTML
Completed 500 Internal Server Error in 30ms (ActiveRecord: 0.0ms)

LoadError (cannot load such file -- bcrypt):
  app/models/customer.rb:2:in `<class:Customer>'
  app/models/customer.rb:1:in `<top (required)>'
  app/controllers/customers_controller.rb:7:in `index'


  Rendered /usr/local/rvm/gems/ruby-1.9.3-p392/gems/actionpack-4.2.4/lib/action_dispatch/middleware/templates/rescues/_source.erb (6.9ms)
  Rendered /usr/local/rvm/gems/ruby-1.9.3-p392/gems/actionpack-4.2.4/lib/action_dispatch/middleware/templates/rescues/_trace.html.erb (3.0ms)
  Rendered /usr/local/rvm/gems/ruby-1.9.3-p392/gems/actionpack-4.2.4/lib/action_dispatch/middleware/templates/rescues/_request_and_response.html.erb (1.1ms)
  Rendered /usr/local/rvm/gems/ruby-1.9.3-p392/gems/actionpack-4.2.4/lib/action_dispatch/middleware/templates/rescues/diagnostics.html.erb within rescues/layout (78.7ms)
  Rendered /usr/local/rvm/gems/ruby-1.9.3-p392/gems/web-console-2.3.0/lib/web_console/templates/_markup.html.erb (0.9ms)
  Rendered /usr/local/rvm/gems/ruby-1.9.3-p392/gems/web-console-2.3.0/lib/web_console/templates/_inner_console_markup.html.erb within layouts/inlined_string (0.8ms)
  Rendered /usr/local/rvm/gems/ruby-1.9.3-p392/gems/web-console-2.3.0/lib/web_console/templates/_prompt_box_markup.html.erb within layouts/inlined_string (0.6ms)
  Rendered /usr/local/rvm/gems/ruby-1.9.3-p392/gems/web-console-2.3.0/lib/web_console/templates/style.css.erb within layouts/inlined_string (0.5ms)
  Rendered /usr/local/rvm/gems/ruby-1.9.3-p392/gems/web-console-2.3.0/lib/web_console/templates/console.js.erb within layouts/javascript (196.2ms)
  Rendered /usr/local/rvm/gems/ruby-1.9.3-p392/gems/web-console-2.3.0/lib/web_console/templates/main.js.erb within layouts/javascript (0.6ms)
  Rendered /usr/local/rvm/gems/ruby-1.9.3-p392/gems/web-console-2.3.0/lib/web_console/templates/error_page.js.erb within layouts/javascript (0.4ms)
  Rendered /usr/local/rvm/gems/ruby-1.9.3-p392/gems/web-console-2.3.0/lib/web_console/templates/index.html.erb (318.6ms)


Started GET "/customers" for ::1 at 2016-10-17 16:15:46 +0200
  [1m[36mActiveRecord::SchemaMigration Load (0.1ms)[0m  [1mSELECT "schema_migrations".* FROM "schema_migrations"[0m
Processing by CustomersController#index as HTML
  [1m[35mCustomer Load (0.3ms)[0m  SELECT "customers".* FROM "customers"
  Rendered customers/index.html.erb within layouts/application (3.3ms)
Completed 200 OK in 3238ms (Views: 3224.5ms | ActiveRecord: 0.5ms)


Started GET "/assets/customers.self-e3b0c44298fc1c149afbf4c8996fb92427ae41e4649b934ca495991b7852b855.css?body=1" for ::1 at 2016-10-17 16:15:49 +0200


Started GET "/assets/scaffolds.self-84705feb7bb9860e35604317e69f7b8db1e133a5cc74c14321e2c2fc95567b94.css?body=1" for ::1 at 2016-10-17 16:15:49 +0200


Started GET "/assets/jquery.self-bd7ddd393353a8d2480a622e80342adf488fb6006d667e8b42e4c0073393abee.js?body=1" for ::1 at 2016-10-17 16:15:49 +0200


Started GET "/assets/turbolinks.self-c5acd7a204f5f25ce7a1d8a0e4d92e28d34c9e2df2c7371cd7af88e147e4ad82.js?body=1" for ::1 at 2016-10-17 16:15:49 +0200


Started GET "/assets/application.self-e80e8f2318043e8af94dddc2adad5a4f09739a8ebb323b3ab31cd71d45fd9113.css?body=1" for ::1 at 2016-10-17 16:15:49 +0200


Started GET "/assets/jquery_ujs.self-784a997f6726036b1993eb2217c9cb558e1cbb801c6da88105588c56f13b466a.js?body=1" for ::1 at 2016-10-17 16:15:49 +0200


Started GET "/assets/customers.self-877aef30ae1b040ab8a3aba4e3e309a11d7f2612f44dde450b5c157aa5f95c05.js?body=1" for ::1 at 2016-10-17 16:15:49 +0200


Started GET "/assets/application.self-3b8dabdc891efe46b9a144b400ad69e37d7e5876bdc39dee783419a69d7ca819.js?body=1" for ::1 at 2016-10-17 16:15:49 +0200


Started GET "/customers/new" for ::1 at 2016-10-17 16:16:00 +0200
Processing by CustomersController#new as HTML
  Rendered customers/_form.html.erb (68.4ms)
  Rendered customers/new.html.erb within layouts/application (76.0ms)
Completed 200 OK in 158ms (Views: 132.2ms | ActiveRecord: 0.5ms)


Started POST "/customers" for ::1 at 2016-10-17 16:16:15 +0200
Processing by CustomersController#create as HTML
  Parameters: {"utf8"=>"✓", "authenticity_token"=>"VtfcTSBt4eFqRKKlteonvp5F4ENt5wDjFU+bqIE1nWfSM2o72+eSJRV+3thdM00IcAlFcVoyHJ/KTzwCsT/DHw==", "customer"=>{"email"=>"user@mail.de", "password"=>"[FILTERED]", "password_confirmation"=>"[FILTERED]"}, "commit"=>"Create Customer"}
  [1m[36m (0.1ms)[0m  [1mbegin transaction[0m
  [1m[35mSQL (0.5ms)[0m  INSERT INTO "customers" ("email", "password_digest", "created_at", "updated_at") VALUES (?, ?, ?, ?)  [["email", "user@mail.de"], ["password_digest", "$2a$10$oJ0jrZsWitF5tjw1zgmBhuADEK.VMgTgrBjdfEFteyFLcgu7GJtzy"], ["created_at", "2016-10-17 14:16:15.172183"], ["updated_at", "2016-10-17 14:16:15.172183"]]
  [1m[36m (2.4ms)[0m  [1mcommit transaction[0m
Redirected to http://localhost:3000/customers/1
Completed 302 Found in 115ms (ActiveRecord: 3.0ms)


Started GET "/customers/1" for ::1 at 2016-10-17 16:16:15 +0200
Processing by CustomersController#show as HTML
  Parameters: {"id"=>"1"}
  [1m[35mCustomer Load (0.3ms)[0m  SELECT  "customers".* FROM "customers" WHERE "customers"."id" = ? LIMIT 1  [["id", 1]]
  Rendered customers/show.html.erb within layouts/application (2.5ms)
Completed 200 OK in 101ms (Views: 53.8ms | ActiveRecord: 0.3ms)


Started GET "/customers/" for ::1 at 2016-10-17 16:16:25 +0200
Processing by CustomersController#index as HTML
  [1m[36mCustomer Load (0.2ms)[0m  [1mSELECT "customers".* FROM "customers"[0m
  Rendered customers/index.html.erb within layouts/application (1.4ms)
Completed 200 OK in 20ms (Views: 18.7ms | ActiveRecord: 0.2ms)


Started GET "/customers/1" for ::1 at 2016-10-17 16:16:37 +0200
Processing by CustomersController#show as HTML
  Parameters: {"id"=>"1"}
  [1m[35mCustomer Load (0.2ms)[0m  SELECT  "customers".* FROM "customers" WHERE "customers"."id" = ? LIMIT 1  [["id", 1]]
  Rendered customers/show.html.erb within layouts/application (0.8ms)
Completed 200 OK in 31ms (Views: 29.1ms | ActiveRecord: 0.2ms)


Started GET "/customers/1/edit" for ::1 at 2016-10-17 16:16:48 +0200
Processing by CustomersController#edit as HTML
  Parameters: {"id"=>"1"}
  [1m[36mCustomer Load (0.2ms)[0m  [1mSELECT  "customers".* FROM "customers" WHERE "customers"."id" = ? LIMIT 1[0m  [["id", 1]]
  Rendered customers/_form.html.erb (5.1ms)
  Rendered customers/edit.html.erb within layouts/application (8.9ms)
Completed 200 OK in 34ms (Views: 32.6ms | ActiveRecord: 0.2ms)


Started PATCH "/customers/1" for ::1 at 2016-10-17 16:16:52 +0200
Processing by CustomersController#update as HTML
  Parameters: {"utf8"=>"✓", "authenticity_token"=>"dmzhPu5Xt1hqHAmPdkCIikAOnv1YEQ6iTYpEUrRw/xPyiFdIFd3EnBUmdfKemeI8rkI7z2/EEt6SiuP4hHqhaw==", "customer"=>{"email"=>"user@mail.de", "password"=>"[FILTERED]", "password_confirmation"=>"[FILTERED]"}, "commit"=>"Update Customer", "id"=>"1"}
  [1m[35mCustomer Load (0.1ms)[0m  SELECT  "customers".* FROM "customers" WHERE "customers"."id" = ? LIMIT 1  [["id", 1]]
  [1m[36m (0.1ms)[0m  [1mbegin transaction[0m
  [1m[35m (0.1ms)[0m  commit transaction
Redirected to http://localhost:3000/customers/1
Completed 302 Found in 3ms (ActiveRecord: 0.3ms)


Started GET "/customers/1" for ::1 at 2016-10-17 16:16:52 +0200
Processing by CustomersController#show as HTML
  Parameters: {"id"=>"1"}
  [1m[36mCustomer Load (0.1ms)[0m  [1mSELECT  "customers".* FROM "customers" WHERE "customers"."id" = ? LIMIT 1[0m  [["id", 1]]
  Rendered customers/show.html.erb within layouts/application (0.5ms)
Completed 200 OK in 21ms (Views: 20.1ms | ActiveRecord: 0.1ms)


Started GET "/customers" for ::1 at 2016-10-17 16:20:46 +0200
  [1m[36mActiveRecord::SchemaMigration Load (0.1ms)[0m  [1mSELECT "schema_migrations".* FROM "schema_migrations"[0m
Processing by CustomersController#index as HTML
  [1m[35mCustomer Load (0.2ms)[0m  SELECT "customers".* FROM "customers"
  Rendered customers/index.html.erb within layouts/application (9.1ms)
Completed 200 OK in 286ms (Views: 270.6ms | ActiveRecord: 0.7ms)


Started GET "/customers" for ::1 at 2016-10-17 16:24:36 +0200

ActionController::RoutingError (undefined method `layouts' for ApplicationController:Class):
  app/controllers/application_controller.rb:5:in `<class:ApplicationController>'
  app/controllers/application_controller.rb:1:in `<top (required)>'
  app/controllers/customers_controller.rb:1:in `<top (required)>'


  Rendered /usr/local/rvm/gems/ruby-1.9.3-p392/gems/actionpack-4.2.4/lib/action_dispatch/middleware/templates/rescues/_trace.html.erb (2.7ms)
  Rendered /usr/local/rvm/gems/ruby-1.9.3-p392/gems/actionpack-4.2.4/lib/action_dispatch/middleware/templates/routes/_route.html.erb (1.9ms)
  Rendered /usr/local/rvm/gems/ruby-1.9.3-p392/gems/actionpack-4.2.4/lib/action_dispatch/middleware/templates/routes/_table.html.erb (9.9ms)
  Rendered /usr/local/rvm/gems/ruby-1.9.3-p392/gems/actionpack-4.2.4/lib/action_dispatch/middleware/templates/rescues/_request_and_response.html.erb (1.6ms)
  Rendered /usr/local/rvm/gems/ruby-1.9.3-p392/gems/actionpack-4.2.4/lib/action_dispatch/middleware/templates/rescues/routing_error.html.erb within rescues/layout (127.2ms)
  Rendered /usr/local/rvm/gems/ruby-1.9.3-p392/gems/web-console-2.3.0/lib/web_console/templates/_markup.html.erb (0.5ms)
  Rendered /usr/local/rvm/gems/ruby-1.9.3-p392/gems/web-console-2.3.0/lib/web_console/templates/_inner_console_markup.html.erb within layouts/inlined_string (0.4ms)
  Rendered /usr/local/rvm/gems/ruby-1.9.3-p392/gems/web-console-2.3.0/lib/web_console/templates/_prompt_box_markup.html.erb within layouts/inlined_string (0.4ms)
  Rendered /usr/local/rvm/gems/ruby-1.9.3-p392/gems/web-console-2.3.0/lib/web_console/templates/style.css.erb within layouts/inlined_string (0.4ms)
  Rendered /usr/local/rvm/gems/ruby-1.9.3-p392/gems/web-console-2.3.0/lib/web_console/templates/console.js.erb within layouts/javascript (77.1ms)
  Rendered /usr/local/rvm/gems/ruby-1.9.3-p392/gems/web-console-2.3.0/lib/web_console/templates/main.js.erb within layouts/javascript (0.6ms)
  Rendered /usr/local/rvm/gems/ruby-1.9.3-p392/gems/web-console-2.3.0/lib/web_console/templates/error_page.js.erb within layouts/javascript (0.7ms)
  Rendered /usr/local/rvm/gems/ruby-1.9.3-p392/gems/web-console-2.3.0/lib/web_console/templates/index.html.erb (171.5ms)


Started GET "/customers" for ::1 at 2016-10-17 16:24:56 +0200
Processing by CustomersController#index as HTML
  [1m[36mCustomer Load (0.3ms)[0m  [1mSELECT "customers".* FROM "customers"[0m
  Rendered customers/index.html.erb within layouts/application.html.erb (9.9ms)
Completed 200 OK in 31ms (Views: 28.1ms | ActiveRecord: 1.0ms)


Started GET "/assets/scaffolds.self-84705feb7bb9860e35604317e69f7b8db1e133a5cc74c14321e2c2fc95567b94.css?body=1" for ::1 at 2016-10-17 16:24:56 +0200


Started GET "/assets/application.self-e80e8f2318043e8af94dddc2adad5a4f09739a8ebb323b3ab31cd71d45fd9113.css?body=1" for ::1 at 2016-10-17 16:24:56 +0200


Started GET "/assets/customers.self-e3b0c44298fc1c149afbf4c8996fb92427ae41e4649b934ca495991b7852b855.css?body=1" for ::1 at 2016-10-17 16:24:56 +0200


Started GET "/assets/jquery.self-bd7ddd393353a8d2480a622e80342adf488fb6006d667e8b42e4c0073393abee.js?body=1" for ::1 at 2016-10-17 16:24:56 +0200


Started GET "/assets/customers.self-877aef30ae1b040ab8a3aba4e3e309a11d7f2612f44dde450b5c157aa5f95c05.js?body=1" for ::1 at 2016-10-17 16:24:56 +0200


Started GET "/assets/application.self-3b8dabdc891efe46b9a144b400ad69e37d7e5876bdc39dee783419a69d7ca819.js?body=1" for ::1 at 2016-10-17 16:24:56 +0200


Started GET "/assets/jquery_ujs.self-784a997f6726036b1993eb2217c9cb558e1cbb801c6da88105588c56f13b466a.js?body=1" for ::1 at 2016-10-17 16:24:56 +0200


Started GET "/assets/turbolinks.self-c5acd7a204f5f25ce7a1d8a0e4d92e28d34c9e2df2c7371cd7af88e147e4ad82.js?body=1" for ::1 at 2016-10-17 16:24:56 +0200


Started GET "/customers" for ::1 at 2016-10-17 16:24:59 +0200
Processing by CustomersController#index as HTML
  [1m[35mCustomer Load (0.2ms)[0m  SELECT "customers".* FROM "customers"
  Rendered customers/index.html.erb within layouts/application.html.erb (1.6ms)
Completed 200 OK in 23ms (Views: 21.9ms | ActiveRecord: 0.2ms)


Started GET "/assets/customers.self-e3b0c44298fc1c149afbf4c8996fb92427ae41e4649b934ca495991b7852b855.css?body=1" for ::1 at 2016-10-17 16:24:59 +0200


Started GET "/assets/jquery.self-bd7ddd393353a8d2480a622e80342adf488fb6006d667e8b42e4c0073393abee.js?body=1" for ::1 at 2016-10-17 16:24:59 +0200


Started GET "/assets/scaffolds.self-84705feb7bb9860e35604317e69f7b8db1e133a5cc74c14321e2c2fc95567b94.css?body=1" for ::1 at 2016-10-17 16:24:59 +0200


Started GET "/assets/application.self-e80e8f2318043e8af94dddc2adad5a4f09739a8ebb323b3ab31cd71d45fd9113.css?body=1" for ::1 at 2016-10-17 16:24:59 +0200


Started GET "/assets/turbolinks.self-c5acd7a204f5f25ce7a1d8a0e4d92e28d34c9e2df2c7371cd7af88e147e4ad82.js?body=1" for ::1 at 2016-10-17 16:24:59 +0200


Started GET "/assets/jquery_ujs.self-784a997f6726036b1993eb2217c9cb558e1cbb801c6da88105588c56f13b466a.js?body=1" for ::1 at 2016-10-17 16:24:59 +0200


Started GET "/assets/customers.self-877aef30ae1b040ab8a3aba4e3e309a11d7f2612f44dde450b5c157aa5f95c05.js?body=1" for ::1 at 2016-10-17 16:24:59 +0200


Started GET "/assets/application.self-3b8dabdc891efe46b9a144b400ad69e37d7e5876bdc39dee783419a69d7ca819.js?body=1" for ::1 at 2016-10-17 16:24:59 +0200


Started GET "/customers" for ::1 at 2016-10-17 16:27:20 +0200
Processing by CustomersController#index as HTML
  [1m[36mCustomer Load (0.2ms)[0m  [1mSELECT "customers".* FROM "customers"[0m
  Rendered customers/index.html.erb within layouts/application.html.erb (1.7ms)
Completed 200 OK in 30ms (Views: 28.9ms | ActiveRecord: 0.2ms)


Started GET "/assets/customers.self-e3b0c44298fc1c149afbf4c8996fb92427ae41e4649b934ca495991b7852b855.css?body=1" for ::1 at 2016-10-17 16:27:20 +0200


Started GET "/assets/scaffolds.self-84705feb7bb9860e35604317e69f7b8db1e133a5cc74c14321e2c2fc95567b94.css?body=1" for ::1 at 2016-10-17 16:27:20 +0200


Started GET "/assets/application.self-e80e8f2318043e8af94dddc2adad5a4f09739a8ebb323b3ab31cd71d45fd9113.css?body=1" for ::1 at 2016-10-17 16:27:20 +0200


Started GET "/assets/customers.self-877aef30ae1b040ab8a3aba4e3e309a11d7f2612f44dde450b5c157aa5f95c05.js?body=1" for ::1 at 2016-10-17 16:27:20 +0200


Started GET "/assets/jquery_ujs.self-784a997f6726036b1993eb2217c9cb558e1cbb801c6da88105588c56f13b466a.js?body=1" for ::1 at 2016-10-17 16:27:20 +0200


Started GET "/assets/jquery.self-bd7ddd393353a8d2480a622e80342adf488fb6006d667e8b42e4c0073393abee.js?body=1" for ::1 at 2016-10-17 16:27:20 +0200


Started GET "/assets/turbolinks.self-c5acd7a204f5f25ce7a1d8a0e4d92e28d34c9e2df2c7371cd7af88e147e4ad82.js?body=1" for ::1 at 2016-10-17 16:27:20 +0200


Started GET "/assets/application.self-3b8dabdc891efe46b9a144b400ad69e37d7e5876bdc39dee783419a69d7ca819.js?body=1" for ::1 at 2016-10-17 16:27:20 +0200


Started GET "/customers" for ::1 at 2016-10-17 16:27:26 +0200
Processing by CustomersController#index as HTML
  [1m[35mCustomer Load (0.2ms)[0m  SELECT "customers".* FROM "customers"
  Rendered customers/index.html.erb within layouts/application.html.erb (1.8ms)
Completed 200 OK in 27ms (Views: 26.3ms | ActiveRecord: 0.2ms)


Started GET "/assets/customers.self-e3b0c44298fc1c149afbf4c8996fb92427ae41e4649b934ca495991b7852b855.css?body=1" for ::1 at 2016-10-17 16:27:26 +0200


Started GET "/assets/application.self-e80e8f2318043e8af94dddc2adad5a4f09739a8ebb323b3ab31cd71d45fd9113.css?body=1" for ::1 at 2016-10-17 16:27:26 +0200


Started GET "/assets/turbolinks.self-c5acd7a204f5f25ce7a1d8a0e4d92e28d34c9e2df2c7371cd7af88e147e4ad82.js?body=1" for ::1 at 2016-10-17 16:27:26 +0200


Started GET "/assets/jquery_ujs.self-784a997f6726036b1993eb2217c9cb558e1cbb801c6da88105588c56f13b466a.js?body=1" for ::1 at 2016-10-17 16:27:26 +0200


Started GET "/assets/scaffolds.self-84705feb7bb9860e35604317e69f7b8db1e133a5cc74c14321e2c2fc95567b94.css?body=1" for ::1 at 2016-10-17 16:27:26 +0200


Started GET "/assets/jquery.self-bd7ddd393353a8d2480a622e80342adf488fb6006d667e8b42e4c0073393abee.js?body=1" for ::1 at 2016-10-17 16:27:26 +0200


Started GET "/assets/customers.self-877aef30ae1b040ab8a3aba4e3e309a11d7f2612f44dde450b5c157aa5f95c05.js?body=1" for ::1 at 2016-10-17 16:27:26 +0200


Started GET "/assets/application.self-3b8dabdc891efe46b9a144b400ad69e37d7e5876bdc39dee783419a69d7ca819.js?body=1" for ::1 at 2016-10-17 16:27:26 +0200


Started GET "/customers" for ::1 at 2016-10-17 16:31:24 +0200
Processing by CustomersController#index as HTML
  [1m[36mCustomer Load (0.2ms)[0m  [1mSELECT "customers".* FROM "customers"[0m
  Rendered customers/index.html.erb within layouts/application.html.erb (1.4ms)
Completed 200 OK in 30ms (Views: 29.4ms | ActiveRecord: 0.2ms)


Started GET "/assets/customers.self-e3b0c44298fc1c149afbf4c8996fb92427ae41e4649b934ca495991b7852b855.css?body=1" for ::1 at 2016-10-17 16:31:24 +0200


Started GET "/assets/turbolinks.self-c5acd7a204f5f25ce7a1d8a0e4d92e28d34c9e2df2c7371cd7af88e147e4ad82.js?body=1" for ::1 at 2016-10-17 16:31:24 +0200


Started GET "/assets/application.self-e80e8f2318043e8af94dddc2adad5a4f09739a8ebb323b3ab31cd71d45fd9113.css?body=1" for ::1 at 2016-10-17 16:31:24 +0200


Started GET "/assets/scaffolds.self-84705feb7bb9860e35604317e69f7b8db1e133a5cc74c14321e2c2fc95567b94.css?body=1" for ::1 at 2016-10-17 16:31:24 +0200


Started GET "/assets/jquery.self-bd7ddd393353a8d2480a622e80342adf488fb6006d667e8b42e4c0073393abee.js?body=1" for ::1 at 2016-10-17 16:31:24 +0200


Started GET "/assets/jquery_ujs.self-784a997f6726036b1993eb2217c9cb558e1cbb801c6da88105588c56f13b466a.js?body=1" for ::1 at 2016-10-17 16:31:24 +0200


Started GET "/assets/customers.self-877aef30ae1b040ab8a3aba4e3e309a11d7f2612f44dde450b5c157aa5f95c05.js?body=1" for ::1 at 2016-10-17 16:31:24 +0200


Started GET "/assets/application.self-3b8dabdc891efe46b9a144b400ad69e37d7e5876bdc39dee783419a69d7ca819.js?body=1" for ::1 at 2016-10-17 16:31:24 +0200


Started GET "/customers/1" for ::1 at 2016-10-17 16:31:30 +0200
Processing by CustomersController#show as HTML
  Parameters: {"id"=>"1"}
  [1m[35mCustomer Load (0.5ms)[0m  SELECT  "customers".* FROM "customers" WHERE "customers"."id" = ? LIMIT 1  [["id", 1]]
  Rendered customers/show.html.erb within layouts/application.html.erb (1.5ms)
Completed 200 OK in 154ms (Views: 56.4ms | ActiveRecord: 0.5ms)


Started GET "/customers" for ::1 at 2016-10-17 16:31:32 +0200
Processing by CustomersController#index as HTML
  [1m[36mCustomer Load (0.2ms)[0m  [1mSELECT "customers".* FROM "customers"[0m
  Rendered customers/index.html.erb within layouts/application.html.erb (2.2ms)
Completed 200 OK in 38ms (Views: 36.6ms | ActiveRecord: 0.2ms)
